ARM GAS  C:\Users\Muntakim\AppData\Local\Temp\cceFvXUl.s 			page 1


   1              		.cpu cortex-m4
   2              		.eabi_attribute 27, 1
   3              		.eabi_attribute 28, 1
   4              		.eabi_attribute 20, 1
   5              		.eabi_attribute 21, 1
   6              		.eabi_attribute 23, 3
   7              		.eabi_attribute 24, 1
   8              		.eabi_attribute 25, 1
   9              		.eabi_attribute 26, 1
  10              		.eabi_attribute 30, 1
  11              		.eabi_attribute 34, 1
  12              		.eabi_attribute 18, 4
  13              		.file	"stm32f4xx_hal_msp.c"
  14              		.text
  15              	.Ltext0:
  16              		.cfi_sections	.debug_frame
  17              		.section	.text.HAL_MspInit,"ax",%progbits
  18              		.align	1
  19              		.global	HAL_MspInit
  20              		.arch armv7e-m
  21              		.syntax unified
  22              		.thumb
  23              		.thumb_func
  24              		.fpu fpv4-sp-d16
  26              	HAL_MspInit:
  27              	.LFB216:
  28              		.file 1 "Core/Src/stm32f4xx_hal_msp.c"
   1:Core/Src/stm32f4xx_hal_msp.c **** /* USER CODE BEGIN Header */
   2:Core/Src/stm32f4xx_hal_msp.c **** /**
   3:Core/Src/stm32f4xx_hal_msp.c ****   ******************************************************************************
   4:Core/Src/stm32f4xx_hal_msp.c ****   * @file         stm32f4xx_hal_msp.c
   5:Core/Src/stm32f4xx_hal_msp.c ****   * @brief        This file provides code for the MSP Initialization
   6:Core/Src/stm32f4xx_hal_msp.c ****   *               and de-Initialization codes.
   7:Core/Src/stm32f4xx_hal_msp.c ****   ******************************************************************************
   8:Core/Src/stm32f4xx_hal_msp.c ****   * @attention
   9:Core/Src/stm32f4xx_hal_msp.c ****   *
  10:Core/Src/stm32f4xx_hal_msp.c ****   * <h2><center>&copy; Copyright (c) 2022 STMicroelectronics.
  11:Core/Src/stm32f4xx_hal_msp.c ****   * All rights reserved.</center></h2>
  12:Core/Src/stm32f4xx_hal_msp.c ****   *
  13:Core/Src/stm32f4xx_hal_msp.c ****   * This software component is licensed by ST under Ultimate Liberty license
  14:Core/Src/stm32f4xx_hal_msp.c ****   * SLA0044, the "License"; You may not use this file except in compliance with
  15:Core/Src/stm32f4xx_hal_msp.c ****   * the License. You may obtain a copy of the License at:
  16:Core/Src/stm32f4xx_hal_msp.c ****   *                             www.st.com/SLA0044
  17:Core/Src/stm32f4xx_hal_msp.c ****   *
  18:Core/Src/stm32f4xx_hal_msp.c ****   ******************************************************************************
  19:Core/Src/stm32f4xx_hal_msp.c ****   */
  20:Core/Src/stm32f4xx_hal_msp.c **** /* USER CODE END Header */
  21:Core/Src/stm32f4xx_hal_msp.c **** 
  22:Core/Src/stm32f4xx_hal_msp.c **** /* Includes ------------------------------------------------------------------*/
  23:Core/Src/stm32f4xx_hal_msp.c **** #include "main.h"
  24:Core/Src/stm32f4xx_hal_msp.c **** /* USER CODE BEGIN Includes */
  25:Core/Src/stm32f4xx_hal_msp.c **** 
  26:Core/Src/stm32f4xx_hal_msp.c **** /* USER CODE END Includes */
  27:Core/Src/stm32f4xx_hal_msp.c **** extern DMA_HandleTypeDef hdma_adc1;
  28:Core/Src/stm32f4xx_hal_msp.c **** 
  29:Core/Src/stm32f4xx_hal_msp.c **** /* Private typedef -----------------------------------------------------------*/
  30:Core/Src/stm32f4xx_hal_msp.c **** /* USER CODE BEGIN TD */
ARM GAS  C:\Users\Muntakim\AppData\Local\Temp\cceFvXUl.s 			page 2


  31:Core/Src/stm32f4xx_hal_msp.c **** 
  32:Core/Src/stm32f4xx_hal_msp.c **** /* USER CODE END TD */
  33:Core/Src/stm32f4xx_hal_msp.c **** 
  34:Core/Src/stm32f4xx_hal_msp.c **** /* Private define ------------------------------------------------------------*/
  35:Core/Src/stm32f4xx_hal_msp.c **** /* USER CODE BEGIN Define */
  36:Core/Src/stm32f4xx_hal_msp.c **** 
  37:Core/Src/stm32f4xx_hal_msp.c **** /* USER CODE END Define */
  38:Core/Src/stm32f4xx_hal_msp.c **** 
  39:Core/Src/stm32f4xx_hal_msp.c **** /* Private macro -------------------------------------------------------------*/
  40:Core/Src/stm32f4xx_hal_msp.c **** /* USER CODE BEGIN Macro */
  41:Core/Src/stm32f4xx_hal_msp.c **** 
  42:Core/Src/stm32f4xx_hal_msp.c **** /* USER CODE END Macro */
  43:Core/Src/stm32f4xx_hal_msp.c **** 
  44:Core/Src/stm32f4xx_hal_msp.c **** /* Private variables ---------------------------------------------------------*/
  45:Core/Src/stm32f4xx_hal_msp.c **** /* USER CODE BEGIN PV */
  46:Core/Src/stm32f4xx_hal_msp.c **** 
  47:Core/Src/stm32f4xx_hal_msp.c **** /* USER CODE END PV */
  48:Core/Src/stm32f4xx_hal_msp.c **** 
  49:Core/Src/stm32f4xx_hal_msp.c **** /* Private function prototypes -----------------------------------------------*/
  50:Core/Src/stm32f4xx_hal_msp.c **** /* USER CODE BEGIN PFP */
  51:Core/Src/stm32f4xx_hal_msp.c **** 
  52:Core/Src/stm32f4xx_hal_msp.c **** /* USER CODE END PFP */
  53:Core/Src/stm32f4xx_hal_msp.c **** 
  54:Core/Src/stm32f4xx_hal_msp.c **** /* External functions --------------------------------------------------------*/
  55:Core/Src/stm32f4xx_hal_msp.c **** /* USER CODE BEGIN ExternalFunctions */
  56:Core/Src/stm32f4xx_hal_msp.c **** 
  57:Core/Src/stm32f4xx_hal_msp.c **** /* USER CODE END ExternalFunctions */
  58:Core/Src/stm32f4xx_hal_msp.c **** 
  59:Core/Src/stm32f4xx_hal_msp.c **** /* USER CODE BEGIN 0 */
  60:Core/Src/stm32f4xx_hal_msp.c **** 
  61:Core/Src/stm32f4xx_hal_msp.c **** /* USER CODE END 0 */
  62:Core/Src/stm32f4xx_hal_msp.c **** /**
  63:Core/Src/stm32f4xx_hal_msp.c ****   * Initializes the Global MSP.
  64:Core/Src/stm32f4xx_hal_msp.c ****   */
  65:Core/Src/stm32f4xx_hal_msp.c **** void HAL_MspInit(void)
  66:Core/Src/stm32f4xx_hal_msp.c **** {
  29              		.loc 1 66 1 view -0
  30              		.cfi_startproc
  31              		@ args = 0, pretend = 0, frame = 8
  32              		@ frame_needed = 0, uses_anonymous_args = 0
  33 0000 00B5     		push	{lr}
  34              	.LCFI0:
  35              		.cfi_def_cfa_offset 4
  36              		.cfi_offset 14, -4
  37 0002 83B0     		sub	sp, sp, #12
  38              	.LCFI1:
  39              		.cfi_def_cfa_offset 16
  67:Core/Src/stm32f4xx_hal_msp.c ****   /* USER CODE BEGIN MspInit 0 */
  68:Core/Src/stm32f4xx_hal_msp.c **** 
  69:Core/Src/stm32f4xx_hal_msp.c ****   /* USER CODE END MspInit 0 */
  70:Core/Src/stm32f4xx_hal_msp.c **** 
  71:Core/Src/stm32f4xx_hal_msp.c ****   __HAL_RCC_SYSCFG_CLK_ENABLE();
  40              		.loc 1 71 3 view .LVU1
  41              	.LBB2:
  42              		.loc 1 71 3 view .LVU2
  43 0004 0022     		movs	r2, #0
  44 0006 0092     		str	r2, [sp]
ARM GAS  C:\Users\Muntakim\AppData\Local\Temp\cceFvXUl.s 			page 3


  45              		.loc 1 71 3 view .LVU3
  46 0008 0D4B     		ldr	r3, .L3
  47 000a 596C     		ldr	r1, [r3, #68]
  48 000c 41F48041 		orr	r1, r1, #16384
  49 0010 5964     		str	r1, [r3, #68]
  50              		.loc 1 71 3 view .LVU4
  51 0012 596C     		ldr	r1, [r3, #68]
  52 0014 01F48041 		and	r1, r1, #16384
  53 0018 0091     		str	r1, [sp]
  54              		.loc 1 71 3 view .LVU5
  55 001a 0099     		ldr	r1, [sp]
  56              	.LBE2:
  57              		.loc 1 71 3 view .LVU6
  72:Core/Src/stm32f4xx_hal_msp.c ****   __HAL_RCC_PWR_CLK_ENABLE();
  58              		.loc 1 72 3 view .LVU7
  59              	.LBB3:
  60              		.loc 1 72 3 view .LVU8
  61 001c 0192     		str	r2, [sp, #4]
  62              		.loc 1 72 3 view .LVU9
  63 001e 196C     		ldr	r1, [r3, #64]
  64 0020 41F08051 		orr	r1, r1, #268435456
  65 0024 1964     		str	r1, [r3, #64]
  66              		.loc 1 72 3 view .LVU10
  67 0026 1B6C     		ldr	r3, [r3, #64]
  68 0028 03F08053 		and	r3, r3, #268435456
  69 002c 0193     		str	r3, [sp, #4]
  70              		.loc 1 72 3 view .LVU11
  71 002e 019B     		ldr	r3, [sp, #4]
  72              	.LBE3:
  73              		.loc 1 72 3 view .LVU12
  73:Core/Src/stm32f4xx_hal_msp.c **** 
  74:Core/Src/stm32f4xx_hal_msp.c ****   /* System interrupt init*/
  75:Core/Src/stm32f4xx_hal_msp.c ****   /* PendSV_IRQn interrupt configuration */
  76:Core/Src/stm32f4xx_hal_msp.c ****   HAL_NVIC_SetPriority(PendSV_IRQn, 15, 0);
  74              		.loc 1 76 3 view .LVU13
  75 0030 0F21     		movs	r1, #15
  76 0032 6FF00100 		mvn	r0, #1
  77 0036 FFF7FEFF 		bl	HAL_NVIC_SetPriority
  78              	.LVL0:
  77:Core/Src/stm32f4xx_hal_msp.c **** 
  78:Core/Src/stm32f4xx_hal_msp.c ****   /* USER CODE BEGIN MspInit 1 */
  79:Core/Src/stm32f4xx_hal_msp.c **** 
  80:Core/Src/stm32f4xx_hal_msp.c ****   /* USER CODE END MspInit 1 */
  81:Core/Src/stm32f4xx_hal_msp.c **** }
  79              		.loc 1 81 1 is_stmt 0 view .LVU14
  80 003a 03B0     		add	sp, sp, #12
  81              	.LCFI2:
  82              		.cfi_def_cfa_offset 4
  83              		@ sp needed
  84 003c 5DF804FB 		ldr	pc, [sp], #4
  85              	.L4:
  86              		.align	2
  87              	.L3:
  88 0040 00380240 		.word	1073887232
  89              		.cfi_endproc
  90              	.LFE216:
  92              		.section	.text.HAL_ADC_MspInit,"ax",%progbits
ARM GAS  C:\Users\Muntakim\AppData\Local\Temp\cceFvXUl.s 			page 4


  93              		.align	1
  94              		.global	HAL_ADC_MspInit
  95              		.syntax unified
  96              		.thumb
  97              		.thumb_func
  98              		.fpu fpv4-sp-d16
 100              	HAL_ADC_MspInit:
 101              	.LVL1:
 102              	.LFB217:
  82:Core/Src/stm32f4xx_hal_msp.c **** 
  83:Core/Src/stm32f4xx_hal_msp.c **** /**
  84:Core/Src/stm32f4xx_hal_msp.c **** * @brief ADC MSP Initialization
  85:Core/Src/stm32f4xx_hal_msp.c **** * This function configures the hardware resources used in this example
  86:Core/Src/stm32f4xx_hal_msp.c **** * @param hadc: ADC handle pointer
  87:Core/Src/stm32f4xx_hal_msp.c **** * @retval None
  88:Core/Src/stm32f4xx_hal_msp.c **** */
  89:Core/Src/stm32f4xx_hal_msp.c **** void HAL_ADC_MspInit(ADC_HandleTypeDef* hadc)
  90:Core/Src/stm32f4xx_hal_msp.c **** {
 103              		.loc 1 90 1 is_stmt 1 view -0
 104              		.cfi_startproc
 105              		@ args = 0, pretend = 0, frame = 32
 106              		@ frame_needed = 0, uses_anonymous_args = 0
 107              		.loc 1 90 1 is_stmt 0 view .LVU16
 108 0000 30B5     		push	{r4, r5, lr}
 109              	.LCFI3:
 110              		.cfi_def_cfa_offset 12
 111              		.cfi_offset 4, -12
 112              		.cfi_offset 5, -8
 113              		.cfi_offset 14, -4
 114 0002 89B0     		sub	sp, sp, #36
 115              	.LCFI4:
 116              		.cfi_def_cfa_offset 48
  91:Core/Src/stm32f4xx_hal_msp.c ****   GPIO_InitTypeDef GPIO_InitStruct = {0};
 117              		.loc 1 91 3 is_stmt 1 view .LVU17
 118              		.loc 1 91 20 is_stmt 0 view .LVU18
 119 0004 0023     		movs	r3, #0
 120 0006 0393     		str	r3, [sp, #12]
 121 0008 0493     		str	r3, [sp, #16]
 122 000a 0593     		str	r3, [sp, #20]
 123 000c 0693     		str	r3, [sp, #24]
 124 000e 0793     		str	r3, [sp, #28]
  92:Core/Src/stm32f4xx_hal_msp.c ****   if(hadc->Instance==ADC1)
 125              		.loc 1 92 3 is_stmt 1 view .LVU19
 126              		.loc 1 92 10 is_stmt 0 view .LVU20
 127 0010 0268     		ldr	r2, [r0]
 128              		.loc 1 92 5 view .LVU21
 129 0012 03F18043 		add	r3, r3, #1073741824
 130 0016 03F59033 		add	r3, r3, #73728
 131 001a 9A42     		cmp	r2, r3
 132 001c 01D0     		beq	.L9
 133              	.LVL2:
 134              	.L5:
  93:Core/Src/stm32f4xx_hal_msp.c ****   {
  94:Core/Src/stm32f4xx_hal_msp.c ****   /* USER CODE BEGIN ADC1_MspInit 0 */
  95:Core/Src/stm32f4xx_hal_msp.c **** 
  96:Core/Src/stm32f4xx_hal_msp.c ****   /* USER CODE END ADC1_MspInit 0 */
  97:Core/Src/stm32f4xx_hal_msp.c ****     /* Peripheral clock enable */
ARM GAS  C:\Users\Muntakim\AppData\Local\Temp\cceFvXUl.s 			page 5


  98:Core/Src/stm32f4xx_hal_msp.c ****     __HAL_RCC_ADC1_CLK_ENABLE();
  99:Core/Src/stm32f4xx_hal_msp.c **** 
 100:Core/Src/stm32f4xx_hal_msp.c ****     __HAL_RCC_GPIOA_CLK_ENABLE();
 101:Core/Src/stm32f4xx_hal_msp.c ****     /**ADC1 GPIO Configuration
 102:Core/Src/stm32f4xx_hal_msp.c ****     PA0-WKUP     ------> ADC1_IN0
 103:Core/Src/stm32f4xx_hal_msp.c ****     */
 104:Core/Src/stm32f4xx_hal_msp.c ****     GPIO_InitStruct.Pin = GPIO_PIN_0;
 105:Core/Src/stm32f4xx_hal_msp.c ****     GPIO_InitStruct.Mode = GPIO_MODE_ANALOG;
 106:Core/Src/stm32f4xx_hal_msp.c ****     GPIO_InitStruct.Pull = GPIO_NOPULL;
 107:Core/Src/stm32f4xx_hal_msp.c ****     HAL_GPIO_Init(GPIOA, &GPIO_InitStruct);
 108:Core/Src/stm32f4xx_hal_msp.c **** 
 109:Core/Src/stm32f4xx_hal_msp.c ****     /* ADC1 DMA Init */
 110:Core/Src/stm32f4xx_hal_msp.c ****     /* ADC1 Init */
 111:Core/Src/stm32f4xx_hal_msp.c ****     hdma_adc1.Instance = DMA2_Stream0;
 112:Core/Src/stm32f4xx_hal_msp.c ****     hdma_adc1.Init.Channel = DMA_CHANNEL_0;
 113:Core/Src/stm32f4xx_hal_msp.c ****     hdma_adc1.Init.Direction = DMA_PERIPH_TO_MEMORY;
 114:Core/Src/stm32f4xx_hal_msp.c ****     hdma_adc1.Init.PeriphInc = DMA_PINC_DISABLE;
 115:Core/Src/stm32f4xx_hal_msp.c ****     hdma_adc1.Init.MemInc = DMA_MINC_ENABLE;
 116:Core/Src/stm32f4xx_hal_msp.c ****     hdma_adc1.Init.PeriphDataAlignment = DMA_PDATAALIGN_HALFWORD;
 117:Core/Src/stm32f4xx_hal_msp.c ****     hdma_adc1.Init.MemDataAlignment = DMA_MDATAALIGN_HALFWORD;
 118:Core/Src/stm32f4xx_hal_msp.c ****     hdma_adc1.Init.Mode = DMA_NORMAL;
 119:Core/Src/stm32f4xx_hal_msp.c ****     hdma_adc1.Init.Priority = DMA_PRIORITY_LOW;
 120:Core/Src/stm32f4xx_hal_msp.c ****     hdma_adc1.Init.FIFOMode = DMA_FIFOMODE_DISABLE;
 121:Core/Src/stm32f4xx_hal_msp.c ****     if (HAL_DMA_Init(&hdma_adc1) != HAL_OK)
 122:Core/Src/stm32f4xx_hal_msp.c ****     {
 123:Core/Src/stm32f4xx_hal_msp.c ****       Error_Handler();
 124:Core/Src/stm32f4xx_hal_msp.c ****     }
 125:Core/Src/stm32f4xx_hal_msp.c **** 
 126:Core/Src/stm32f4xx_hal_msp.c ****     __HAL_LINKDMA(hadc,DMA_Handle,hdma_adc1);
 127:Core/Src/stm32f4xx_hal_msp.c **** 
 128:Core/Src/stm32f4xx_hal_msp.c ****   /* USER CODE BEGIN ADC1_MspInit 1 */
 129:Core/Src/stm32f4xx_hal_msp.c **** 
 130:Core/Src/stm32f4xx_hal_msp.c ****   /* USER CODE END ADC1_MspInit 1 */
 131:Core/Src/stm32f4xx_hal_msp.c ****   }
 132:Core/Src/stm32f4xx_hal_msp.c **** 
 133:Core/Src/stm32f4xx_hal_msp.c **** }
 135              		.loc 1 133 1 view .LVU22
 136 001e 09B0     		add	sp, sp, #36
 137              	.LCFI5:
 138              		.cfi_remember_state
 139              		.cfi_def_cfa_offset 12
 140              		@ sp needed
 141 0020 30BD     		pop	{r4, r5, pc}
 142              	.LVL3:
 143              	.L9:
 144              	.LCFI6:
 145              		.cfi_restore_state
 146              		.loc 1 133 1 view .LVU23
 147 0022 0446     		mov	r4, r0
  98:Core/Src/stm32f4xx_hal_msp.c **** 
 148              		.loc 1 98 5 is_stmt 1 view .LVU24
 149              	.LBB4:
  98:Core/Src/stm32f4xx_hal_msp.c **** 
 150              		.loc 1 98 5 view .LVU25
 151 0024 0025     		movs	r5, #0
 152 0026 0195     		str	r5, [sp, #4]
  98:Core/Src/stm32f4xx_hal_msp.c **** 
ARM GAS  C:\Users\Muntakim\AppData\Local\Temp\cceFvXUl.s 			page 6


 153              		.loc 1 98 5 view .LVU26
 154 0028 03F58C33 		add	r3, r3, #71680
 155 002c 5A6C     		ldr	r2, [r3, #68]
 156 002e 42F48072 		orr	r2, r2, #256
 157 0032 5A64     		str	r2, [r3, #68]
  98:Core/Src/stm32f4xx_hal_msp.c **** 
 158              		.loc 1 98 5 view .LVU27
 159 0034 5A6C     		ldr	r2, [r3, #68]
 160 0036 02F48072 		and	r2, r2, #256
 161 003a 0192     		str	r2, [sp, #4]
  98:Core/Src/stm32f4xx_hal_msp.c **** 
 162              		.loc 1 98 5 view .LVU28
 163 003c 019A     		ldr	r2, [sp, #4]
 164              	.LBE4:
  98:Core/Src/stm32f4xx_hal_msp.c **** 
 165              		.loc 1 98 5 view .LVU29
 100:Core/Src/stm32f4xx_hal_msp.c ****     /**ADC1 GPIO Configuration
 166              		.loc 1 100 5 view .LVU30
 167              	.LBB5:
 100:Core/Src/stm32f4xx_hal_msp.c ****     /**ADC1 GPIO Configuration
 168              		.loc 1 100 5 view .LVU31
 169 003e 0295     		str	r5, [sp, #8]
 100:Core/Src/stm32f4xx_hal_msp.c ****     /**ADC1 GPIO Configuration
 170              		.loc 1 100 5 view .LVU32
 171 0040 1A6B     		ldr	r2, [r3, #48]
 172 0042 42F00102 		orr	r2, r2, #1
 173 0046 1A63     		str	r2, [r3, #48]
 100:Core/Src/stm32f4xx_hal_msp.c ****     /**ADC1 GPIO Configuration
 174              		.loc 1 100 5 view .LVU33
 175 0048 1B6B     		ldr	r3, [r3, #48]
 176 004a 03F00103 		and	r3, r3, #1
 177 004e 0293     		str	r3, [sp, #8]
 100:Core/Src/stm32f4xx_hal_msp.c ****     /**ADC1 GPIO Configuration
 178              		.loc 1 100 5 view .LVU34
 179 0050 029B     		ldr	r3, [sp, #8]
 180              	.LBE5:
 100:Core/Src/stm32f4xx_hal_msp.c ****     /**ADC1 GPIO Configuration
 181              		.loc 1 100 5 view .LVU35
 104:Core/Src/stm32f4xx_hal_msp.c ****     GPIO_InitStruct.Mode = GPIO_MODE_ANALOG;
 182              		.loc 1 104 5 view .LVU36
 104:Core/Src/stm32f4xx_hal_msp.c ****     GPIO_InitStruct.Mode = GPIO_MODE_ANALOG;
 183              		.loc 1 104 25 is_stmt 0 view .LVU37
 184 0052 0123     		movs	r3, #1
 185 0054 0393     		str	r3, [sp, #12]
 105:Core/Src/stm32f4xx_hal_msp.c ****     GPIO_InitStruct.Pull = GPIO_NOPULL;
 186              		.loc 1 105 5 is_stmt 1 view .LVU38
 105:Core/Src/stm32f4xx_hal_msp.c ****     GPIO_InitStruct.Pull = GPIO_NOPULL;
 187              		.loc 1 105 26 is_stmt 0 view .LVU39
 188 0056 0323     		movs	r3, #3
 189 0058 0493     		str	r3, [sp, #16]
 106:Core/Src/stm32f4xx_hal_msp.c ****     HAL_GPIO_Init(GPIOA, &GPIO_InitStruct);
 190              		.loc 1 106 5 is_stmt 1 view .LVU40
 107:Core/Src/stm32f4xx_hal_msp.c **** 
 191              		.loc 1 107 5 view .LVU41
 192 005a 03A9     		add	r1, sp, #12
 193 005c 0F48     		ldr	r0, .L11
 194              	.LVL4:
ARM GAS  C:\Users\Muntakim\AppData\Local\Temp\cceFvXUl.s 			page 7


 107:Core/Src/stm32f4xx_hal_msp.c **** 
 195              		.loc 1 107 5 is_stmt 0 view .LVU42
 196 005e FFF7FEFF 		bl	HAL_GPIO_Init
 197              	.LVL5:
 111:Core/Src/stm32f4xx_hal_msp.c ****     hdma_adc1.Init.Channel = DMA_CHANNEL_0;
 198              		.loc 1 111 5 is_stmt 1 view .LVU43
 111:Core/Src/stm32f4xx_hal_msp.c ****     hdma_adc1.Init.Channel = DMA_CHANNEL_0;
 199              		.loc 1 111 24 is_stmt 0 view .LVU44
 200 0062 0F48     		ldr	r0, .L11+4
 201 0064 0F4B     		ldr	r3, .L11+8
 202 0066 0360     		str	r3, [r0]
 112:Core/Src/stm32f4xx_hal_msp.c ****     hdma_adc1.Init.Direction = DMA_PERIPH_TO_MEMORY;
 203              		.loc 1 112 5 is_stmt 1 view .LVU45
 112:Core/Src/stm32f4xx_hal_msp.c ****     hdma_adc1.Init.Direction = DMA_PERIPH_TO_MEMORY;
 204              		.loc 1 112 28 is_stmt 0 view .LVU46
 205 0068 4560     		str	r5, [r0, #4]
 113:Core/Src/stm32f4xx_hal_msp.c ****     hdma_adc1.Init.PeriphInc = DMA_PINC_DISABLE;
 206              		.loc 1 113 5 is_stmt 1 view .LVU47
 113:Core/Src/stm32f4xx_hal_msp.c ****     hdma_adc1.Init.PeriphInc = DMA_PINC_DISABLE;
 207              		.loc 1 113 30 is_stmt 0 view .LVU48
 208 006a 8560     		str	r5, [r0, #8]
 114:Core/Src/stm32f4xx_hal_msp.c ****     hdma_adc1.Init.MemInc = DMA_MINC_ENABLE;
 209              		.loc 1 114 5 is_stmt 1 view .LVU49
 114:Core/Src/stm32f4xx_hal_msp.c ****     hdma_adc1.Init.MemInc = DMA_MINC_ENABLE;
 210              		.loc 1 114 30 is_stmt 0 view .LVU50
 211 006c C560     		str	r5, [r0, #12]
 115:Core/Src/stm32f4xx_hal_msp.c ****     hdma_adc1.Init.PeriphDataAlignment = DMA_PDATAALIGN_HALFWORD;
 212              		.loc 1 115 5 is_stmt 1 view .LVU51
 115:Core/Src/stm32f4xx_hal_msp.c ****     hdma_adc1.Init.PeriphDataAlignment = DMA_PDATAALIGN_HALFWORD;
 213              		.loc 1 115 27 is_stmt 0 view .LVU52
 214 006e 4FF48063 		mov	r3, #1024
 215 0072 0361     		str	r3, [r0, #16]
 116:Core/Src/stm32f4xx_hal_msp.c ****     hdma_adc1.Init.MemDataAlignment = DMA_MDATAALIGN_HALFWORD;
 216              		.loc 1 116 5 is_stmt 1 view .LVU53
 116:Core/Src/stm32f4xx_hal_msp.c ****     hdma_adc1.Init.MemDataAlignment = DMA_MDATAALIGN_HALFWORD;
 217              		.loc 1 116 40 is_stmt 0 view .LVU54
 218 0074 4FF40063 		mov	r3, #2048
 219 0078 4361     		str	r3, [r0, #20]
 117:Core/Src/stm32f4xx_hal_msp.c ****     hdma_adc1.Init.Mode = DMA_NORMAL;
 220              		.loc 1 117 5 is_stmt 1 view .LVU55
 117:Core/Src/stm32f4xx_hal_msp.c ****     hdma_adc1.Init.Mode = DMA_NORMAL;
 221              		.loc 1 117 37 is_stmt 0 view .LVU56
 222 007a 4FF40053 		mov	r3, #8192
 223 007e 8361     		str	r3, [r0, #24]
 118:Core/Src/stm32f4xx_hal_msp.c ****     hdma_adc1.Init.Priority = DMA_PRIORITY_LOW;
 224              		.loc 1 118 5 is_stmt 1 view .LVU57
 118:Core/Src/stm32f4xx_hal_msp.c ****     hdma_adc1.Init.Priority = DMA_PRIORITY_LOW;
 225              		.loc 1 118 25 is_stmt 0 view .LVU58
 226 0080 C561     		str	r5, [r0, #28]
 119:Core/Src/stm32f4xx_hal_msp.c ****     hdma_adc1.Init.FIFOMode = DMA_FIFOMODE_DISABLE;
 227              		.loc 1 119 5 is_stmt 1 view .LVU59
 119:Core/Src/stm32f4xx_hal_msp.c ****     hdma_adc1.Init.FIFOMode = DMA_FIFOMODE_DISABLE;
 228              		.loc 1 119 29 is_stmt 0 view .LVU60
 229 0082 0562     		str	r5, [r0, #32]
 120:Core/Src/stm32f4xx_hal_msp.c ****     if (HAL_DMA_Init(&hdma_adc1) != HAL_OK)
 230              		.loc 1 120 5 is_stmt 1 view .LVU61
 120:Core/Src/stm32f4xx_hal_msp.c ****     if (HAL_DMA_Init(&hdma_adc1) != HAL_OK)
ARM GAS  C:\Users\Muntakim\AppData\Local\Temp\cceFvXUl.s 			page 8


 231              		.loc 1 120 29 is_stmt 0 view .LVU62
 232 0084 4562     		str	r5, [r0, #36]
 121:Core/Src/stm32f4xx_hal_msp.c ****     {
 233              		.loc 1 121 5 is_stmt 1 view .LVU63
 121:Core/Src/stm32f4xx_hal_msp.c ****     {
 234              		.loc 1 121 9 is_stmt 0 view .LVU64
 235 0086 FFF7FEFF 		bl	HAL_DMA_Init
 236              	.LVL6:
 121:Core/Src/stm32f4xx_hal_msp.c ****     {
 237              		.loc 1 121 8 view .LVU65
 238 008a 18B9     		cbnz	r0, .L10
 239              	.L7:
 126:Core/Src/stm32f4xx_hal_msp.c **** 
 240              		.loc 1 126 5 is_stmt 1 view .LVU66
 126:Core/Src/stm32f4xx_hal_msp.c **** 
 241              		.loc 1 126 5 view .LVU67
 242 008c 044B     		ldr	r3, .L11+4
 243 008e A363     		str	r3, [r4, #56]
 126:Core/Src/stm32f4xx_hal_msp.c **** 
 244              		.loc 1 126 5 view .LVU68
 245 0090 9C63     		str	r4, [r3, #56]
 126:Core/Src/stm32f4xx_hal_msp.c **** 
 246              		.loc 1 126 5 view .LVU69
 247              		.loc 1 133 1 is_stmt 0 view .LVU70
 248 0092 C4E7     		b	.L5
 249              	.L10:
 123:Core/Src/stm32f4xx_hal_msp.c ****     }
 250              		.loc 1 123 7 is_stmt 1 view .LVU71
 251 0094 FFF7FEFF 		bl	Error_Handler
 252              	.LVL7:
 253 0098 F8E7     		b	.L7
 254              	.L12:
 255 009a 00BF     		.align	2
 256              	.L11:
 257 009c 00000240 		.word	1073872896
 258 00a0 00000000 		.word	hdma_adc1
 259 00a4 10640240 		.word	1073898512
 260              		.cfi_endproc
 261              	.LFE217:
 263              		.section	.text.HAL_ADC_MspDeInit,"ax",%progbits
 264              		.align	1
 265              		.global	HAL_ADC_MspDeInit
 266              		.syntax unified
 267              		.thumb
 268              		.thumb_func
 269              		.fpu fpv4-sp-d16
 271              	HAL_ADC_MspDeInit:
 272              	.LVL8:
 273              	.LFB218:
 134:Core/Src/stm32f4xx_hal_msp.c **** 
 135:Core/Src/stm32f4xx_hal_msp.c **** /**
 136:Core/Src/stm32f4xx_hal_msp.c **** * @brief ADC MSP De-Initialization
 137:Core/Src/stm32f4xx_hal_msp.c **** * This function freeze the hardware resources used in this example
 138:Core/Src/stm32f4xx_hal_msp.c **** * @param hadc: ADC handle pointer
 139:Core/Src/stm32f4xx_hal_msp.c **** * @retval None
 140:Core/Src/stm32f4xx_hal_msp.c **** */
 141:Core/Src/stm32f4xx_hal_msp.c **** void HAL_ADC_MspDeInit(ADC_HandleTypeDef* hadc)
ARM GAS  C:\Users\Muntakim\AppData\Local\Temp\cceFvXUl.s 			page 9


 142:Core/Src/stm32f4xx_hal_msp.c **** {
 274              		.loc 1 142 1 view -0
 275              		.cfi_startproc
 276              		@ args = 0, pretend = 0, frame = 0
 277              		@ frame_needed = 0, uses_anonymous_args = 0
 143:Core/Src/stm32f4xx_hal_msp.c ****   if(hadc->Instance==ADC1)
 278              		.loc 1 143 3 view .LVU73
 279              		.loc 1 143 10 is_stmt 0 view .LVU74
 280 0000 0268     		ldr	r2, [r0]
 281              		.loc 1 143 5 view .LVU75
 282 0002 094B     		ldr	r3, .L20
 283 0004 9A42     		cmp	r2, r3
 284 0006 00D0     		beq	.L19
 285 0008 7047     		bx	lr
 286              	.L19:
 142:Core/Src/stm32f4xx_hal_msp.c ****   if(hadc->Instance==ADC1)
 287              		.loc 1 142 1 view .LVU76
 288 000a 10B5     		push	{r4, lr}
 289              	.LCFI7:
 290              		.cfi_def_cfa_offset 8
 291              		.cfi_offset 4, -8
 292              		.cfi_offset 14, -4
 293 000c 0446     		mov	r4, r0
 144:Core/Src/stm32f4xx_hal_msp.c ****   {
 145:Core/Src/stm32f4xx_hal_msp.c ****   /* USER CODE BEGIN ADC1_MspDeInit 0 */
 146:Core/Src/stm32f4xx_hal_msp.c **** 
 147:Core/Src/stm32f4xx_hal_msp.c ****   /* USER CODE END ADC1_MspDeInit 0 */
 148:Core/Src/stm32f4xx_hal_msp.c ****     /* Peripheral clock disable */
 149:Core/Src/stm32f4xx_hal_msp.c ****     __HAL_RCC_ADC1_CLK_DISABLE();
 294              		.loc 1 149 5 is_stmt 1 view .LVU77
 295 000e 074A     		ldr	r2, .L20+4
 296 0010 536C     		ldr	r3, [r2, #68]
 297 0012 23F48073 		bic	r3, r3, #256
 298 0016 5364     		str	r3, [r2, #68]
 150:Core/Src/stm32f4xx_hal_msp.c **** 
 151:Core/Src/stm32f4xx_hal_msp.c ****     /**ADC1 GPIO Configuration
 152:Core/Src/stm32f4xx_hal_msp.c ****     PA0-WKUP     ------> ADC1_IN0
 153:Core/Src/stm32f4xx_hal_msp.c ****     */
 154:Core/Src/stm32f4xx_hal_msp.c ****     HAL_GPIO_DeInit(GPIOA, GPIO_PIN_0);
 299              		.loc 1 154 5 view .LVU78
 300 0018 0121     		movs	r1, #1
 301 001a 0548     		ldr	r0, .L20+8
 302              	.LVL9:
 303              		.loc 1 154 5 is_stmt 0 view .LVU79
 304 001c FFF7FEFF 		bl	HAL_GPIO_DeInit
 305              	.LVL10:
 155:Core/Src/stm32f4xx_hal_msp.c **** 
 156:Core/Src/stm32f4xx_hal_msp.c ****     /* ADC1 DMA DeInit */
 157:Core/Src/stm32f4xx_hal_msp.c ****     HAL_DMA_DeInit(hadc->DMA_Handle);
 306              		.loc 1 157 5 is_stmt 1 view .LVU80
 307 0020 A06B     		ldr	r0, [r4, #56]
 308 0022 FFF7FEFF 		bl	HAL_DMA_DeInit
 309              	.LVL11:
 158:Core/Src/stm32f4xx_hal_msp.c ****   /* USER CODE BEGIN ADC1_MspDeInit 1 */
 159:Core/Src/stm32f4xx_hal_msp.c **** 
 160:Core/Src/stm32f4xx_hal_msp.c ****   /* USER CODE END ADC1_MspDeInit 1 */
 161:Core/Src/stm32f4xx_hal_msp.c ****   }
ARM GAS  C:\Users\Muntakim\AppData\Local\Temp\cceFvXUl.s 			page 10


 162:Core/Src/stm32f4xx_hal_msp.c **** 
 163:Core/Src/stm32f4xx_hal_msp.c **** }
 310              		.loc 1 163 1 is_stmt 0 view .LVU81
 311 0026 10BD     		pop	{r4, pc}
 312              	.LVL12:
 313              	.L21:
 314              		.loc 1 163 1 view .LVU82
 315              		.align	2
 316              	.L20:
 317 0028 00200140 		.word	1073815552
 318 002c 00380240 		.word	1073887232
 319 0030 00000240 		.word	1073872896
 320              		.cfi_endproc
 321              	.LFE218:
 323              		.section	.text.HAL_UART_MspInit,"ax",%progbits
 324              		.align	1
 325              		.global	HAL_UART_MspInit
 326              		.syntax unified
 327              		.thumb
 328              		.thumb_func
 329              		.fpu fpv4-sp-d16
 331              	HAL_UART_MspInit:
 332              	.LVL13:
 333              	.LFB219:
 164:Core/Src/stm32f4xx_hal_msp.c **** 
 165:Core/Src/stm32f4xx_hal_msp.c **** /**
 166:Core/Src/stm32f4xx_hal_msp.c **** * @brief UART MSP Initialization
 167:Core/Src/stm32f4xx_hal_msp.c **** * This function configures the hardware resources used in this example
 168:Core/Src/stm32f4xx_hal_msp.c **** * @param huart: UART handle pointer
 169:Core/Src/stm32f4xx_hal_msp.c **** * @retval None
 170:Core/Src/stm32f4xx_hal_msp.c **** */
 171:Core/Src/stm32f4xx_hal_msp.c **** void HAL_UART_MspInit(UART_HandleTypeDef* huart)
 172:Core/Src/stm32f4xx_hal_msp.c **** {
 334              		.loc 1 172 1 is_stmt 1 view -0
 335              		.cfi_startproc
 336              		@ args = 0, pretend = 0, frame = 32
 337              		@ frame_needed = 0, uses_anonymous_args = 0
 338              		.loc 1 172 1 is_stmt 0 view .LVU84
 339 0000 00B5     		push	{lr}
 340              	.LCFI8:
 341              		.cfi_def_cfa_offset 4
 342              		.cfi_offset 14, -4
 343 0002 89B0     		sub	sp, sp, #36
 344              	.LCFI9:
 345              		.cfi_def_cfa_offset 40
 173:Core/Src/stm32f4xx_hal_msp.c ****   GPIO_InitTypeDef GPIO_InitStruct = {0};
 346              		.loc 1 173 3 is_stmt 1 view .LVU85
 347              		.loc 1 173 20 is_stmt 0 view .LVU86
 348 0004 0023     		movs	r3, #0
 349 0006 0393     		str	r3, [sp, #12]
 350 0008 0493     		str	r3, [sp, #16]
 351 000a 0593     		str	r3, [sp, #20]
 352 000c 0693     		str	r3, [sp, #24]
 353 000e 0793     		str	r3, [sp, #28]
 174:Core/Src/stm32f4xx_hal_msp.c ****   if(huart->Instance==USART2)
 354              		.loc 1 174 3 is_stmt 1 view .LVU87
 355              		.loc 1 174 11 is_stmt 0 view .LVU88
ARM GAS  C:\Users\Muntakim\AppData\Local\Temp\cceFvXUl.s 			page 11


 356 0010 0268     		ldr	r2, [r0]
 357              		.loc 1 174 5 view .LVU89
 358 0012 144B     		ldr	r3, .L26
 359 0014 9A42     		cmp	r2, r3
 360 0016 02D0     		beq	.L25
 361              	.LVL14:
 362              	.L22:
 175:Core/Src/stm32f4xx_hal_msp.c ****   {
 176:Core/Src/stm32f4xx_hal_msp.c ****   /* USER CODE BEGIN USART2_MspInit 0 */
 177:Core/Src/stm32f4xx_hal_msp.c **** 
 178:Core/Src/stm32f4xx_hal_msp.c ****   /* USER CODE END USART2_MspInit 0 */
 179:Core/Src/stm32f4xx_hal_msp.c ****     /* Peripheral clock enable */
 180:Core/Src/stm32f4xx_hal_msp.c ****     __HAL_RCC_USART2_CLK_ENABLE();
 181:Core/Src/stm32f4xx_hal_msp.c **** 
 182:Core/Src/stm32f4xx_hal_msp.c ****     __HAL_RCC_GPIOA_CLK_ENABLE();
 183:Core/Src/stm32f4xx_hal_msp.c ****     /**USART2 GPIO Configuration
 184:Core/Src/stm32f4xx_hal_msp.c ****     PA2     ------> USART2_TX
 185:Core/Src/stm32f4xx_hal_msp.c ****     PA3     ------> USART2_RX
 186:Core/Src/stm32f4xx_hal_msp.c ****     */
 187:Core/Src/stm32f4xx_hal_msp.c ****     GPIO_InitStruct.Pin = USART_TX_Pin|USART_RX_Pin;
 188:Core/Src/stm32f4xx_hal_msp.c ****     GPIO_InitStruct.Mode = GPIO_MODE_AF_PP;
 189:Core/Src/stm32f4xx_hal_msp.c ****     GPIO_InitStruct.Pull = GPIO_NOPULL;
 190:Core/Src/stm32f4xx_hal_msp.c ****     GPIO_InitStruct.Speed = GPIO_SPEED_FREQ_LOW;
 191:Core/Src/stm32f4xx_hal_msp.c ****     GPIO_InitStruct.Alternate = GPIO_AF7_USART2;
 192:Core/Src/stm32f4xx_hal_msp.c ****     HAL_GPIO_Init(GPIOA, &GPIO_InitStruct);
 193:Core/Src/stm32f4xx_hal_msp.c **** 
 194:Core/Src/stm32f4xx_hal_msp.c ****   /* USER CODE BEGIN USART2_MspInit 1 */
 195:Core/Src/stm32f4xx_hal_msp.c **** 
 196:Core/Src/stm32f4xx_hal_msp.c ****   /* USER CODE END USART2_MspInit 1 */
 197:Core/Src/stm32f4xx_hal_msp.c ****   }
 198:Core/Src/stm32f4xx_hal_msp.c **** 
 199:Core/Src/stm32f4xx_hal_msp.c **** }
 363              		.loc 1 199 1 view .LVU90
 364 0018 09B0     		add	sp, sp, #36
 365              	.LCFI10:
 366              		.cfi_remember_state
 367              		.cfi_def_cfa_offset 4
 368              		@ sp needed
 369 001a 5DF804FB 		ldr	pc, [sp], #4
 370              	.LVL15:
 371              	.L25:
 372              	.LCFI11:
 373              		.cfi_restore_state
 180:Core/Src/stm32f4xx_hal_msp.c **** 
 374              		.loc 1 180 5 is_stmt 1 view .LVU91
 375              	.LBB6:
 180:Core/Src/stm32f4xx_hal_msp.c **** 
 376              		.loc 1 180 5 view .LVU92
 377 001e 0021     		movs	r1, #0
 378 0020 0191     		str	r1, [sp, #4]
 180:Core/Src/stm32f4xx_hal_msp.c **** 
 379              		.loc 1 180 5 view .LVU93
 380 0022 03F5FA33 		add	r3, r3, #128000
 381 0026 1A6C     		ldr	r2, [r3, #64]
 382 0028 42F40032 		orr	r2, r2, #131072
 383 002c 1A64     		str	r2, [r3, #64]
 180:Core/Src/stm32f4xx_hal_msp.c **** 
ARM GAS  C:\Users\Muntakim\AppData\Local\Temp\cceFvXUl.s 			page 12


 384              		.loc 1 180 5 view .LVU94
 385 002e 1A6C     		ldr	r2, [r3, #64]
 386 0030 02F40032 		and	r2, r2, #131072
 387 0034 0192     		str	r2, [sp, #4]
 180:Core/Src/stm32f4xx_hal_msp.c **** 
 388              		.loc 1 180 5 view .LVU95
 389 0036 019A     		ldr	r2, [sp, #4]
 390              	.LBE6:
 180:Core/Src/stm32f4xx_hal_msp.c **** 
 391              		.loc 1 180 5 view .LVU96
 182:Core/Src/stm32f4xx_hal_msp.c ****     /**USART2 GPIO Configuration
 392              		.loc 1 182 5 view .LVU97
 393              	.LBB7:
 182:Core/Src/stm32f4xx_hal_msp.c ****     /**USART2 GPIO Configuration
 394              		.loc 1 182 5 view .LVU98
 395 0038 0291     		str	r1, [sp, #8]
 182:Core/Src/stm32f4xx_hal_msp.c ****     /**USART2 GPIO Configuration
 396              		.loc 1 182 5 view .LVU99
 397 003a 1A6B     		ldr	r2, [r3, #48]
 398 003c 42F00102 		orr	r2, r2, #1
 399 0040 1A63     		str	r2, [r3, #48]
 182:Core/Src/stm32f4xx_hal_msp.c ****     /**USART2 GPIO Configuration
 400              		.loc 1 182 5 view .LVU100
 401 0042 1B6B     		ldr	r3, [r3, #48]
 402 0044 03F00103 		and	r3, r3, #1
 403 0048 0293     		str	r3, [sp, #8]
 182:Core/Src/stm32f4xx_hal_msp.c ****     /**USART2 GPIO Configuration
 404              		.loc 1 182 5 view .LVU101
 405 004a 029B     		ldr	r3, [sp, #8]
 406              	.LBE7:
 182:Core/Src/stm32f4xx_hal_msp.c ****     /**USART2 GPIO Configuration
 407              		.loc 1 182 5 view .LVU102
 187:Core/Src/stm32f4xx_hal_msp.c ****     GPIO_InitStruct.Mode = GPIO_MODE_AF_PP;
 408              		.loc 1 187 5 view .LVU103
 187:Core/Src/stm32f4xx_hal_msp.c ****     GPIO_InitStruct.Mode = GPIO_MODE_AF_PP;
 409              		.loc 1 187 25 is_stmt 0 view .LVU104
 410 004c 0C23     		movs	r3, #12
 411 004e 0393     		str	r3, [sp, #12]
 188:Core/Src/stm32f4xx_hal_msp.c ****     GPIO_InitStruct.Pull = GPIO_NOPULL;
 412              		.loc 1 188 5 is_stmt 1 view .LVU105
 188:Core/Src/stm32f4xx_hal_msp.c ****     GPIO_InitStruct.Pull = GPIO_NOPULL;
 413              		.loc 1 188 26 is_stmt 0 view .LVU106
 414 0050 0223     		movs	r3, #2
 415 0052 0493     		str	r3, [sp, #16]
 189:Core/Src/stm32f4xx_hal_msp.c ****     GPIO_InitStruct.Speed = GPIO_SPEED_FREQ_LOW;
 416              		.loc 1 189 5 is_stmt 1 view .LVU107
 190:Core/Src/stm32f4xx_hal_msp.c ****     GPIO_InitStruct.Alternate = GPIO_AF7_USART2;
 417              		.loc 1 190 5 view .LVU108
 191:Core/Src/stm32f4xx_hal_msp.c ****     HAL_GPIO_Init(GPIOA, &GPIO_InitStruct);
 418              		.loc 1 191 5 view .LVU109
 191:Core/Src/stm32f4xx_hal_msp.c ****     HAL_GPIO_Init(GPIOA, &GPIO_InitStruct);
 419              		.loc 1 191 31 is_stmt 0 view .LVU110
 420 0054 0723     		movs	r3, #7
 421 0056 0793     		str	r3, [sp, #28]
 192:Core/Src/stm32f4xx_hal_msp.c **** 
 422              		.loc 1 192 5 is_stmt 1 view .LVU111
 423 0058 03A9     		add	r1, sp, #12
ARM GAS  C:\Users\Muntakim\AppData\Local\Temp\cceFvXUl.s 			page 13


 424 005a 0348     		ldr	r0, .L26+4
 425              	.LVL16:
 192:Core/Src/stm32f4xx_hal_msp.c **** 
 426              		.loc 1 192 5 is_stmt 0 view .LVU112
 427 005c FFF7FEFF 		bl	HAL_GPIO_Init
 428              	.LVL17:
 429              		.loc 1 199 1 view .LVU113
 430 0060 DAE7     		b	.L22
 431              	.L27:
 432 0062 00BF     		.align	2
 433              	.L26:
 434 0064 00440040 		.word	1073759232
 435 0068 00000240 		.word	1073872896
 436              		.cfi_endproc
 437              	.LFE219:
 439              		.section	.text.HAL_UART_MspDeInit,"ax",%progbits
 440              		.align	1
 441              		.global	HAL_UART_MspDeInit
 442              		.syntax unified
 443              		.thumb
 444              		.thumb_func
 445              		.fpu fpv4-sp-d16
 447              	HAL_UART_MspDeInit:
 448              	.LVL18:
 449              	.LFB220:
 200:Core/Src/stm32f4xx_hal_msp.c **** 
 201:Core/Src/stm32f4xx_hal_msp.c **** /**
 202:Core/Src/stm32f4xx_hal_msp.c **** * @brief UART MSP De-Initialization
 203:Core/Src/stm32f4xx_hal_msp.c **** * This function freeze the hardware resources used in this example
 204:Core/Src/stm32f4xx_hal_msp.c **** * @param huart: UART handle pointer
 205:Core/Src/stm32f4xx_hal_msp.c **** * @retval None
 206:Core/Src/stm32f4xx_hal_msp.c **** */
 207:Core/Src/stm32f4xx_hal_msp.c **** void HAL_UART_MspDeInit(UART_HandleTypeDef* huart)
 208:Core/Src/stm32f4xx_hal_msp.c **** {
 450              		.loc 1 208 1 is_stmt 1 view -0
 451              		.cfi_startproc
 452              		@ args = 0, pretend = 0, frame = 0
 453              		@ frame_needed = 0, uses_anonymous_args = 0
 454              		.loc 1 208 1 is_stmt 0 view .LVU115
 455 0000 08B5     		push	{r3, lr}
 456              	.LCFI12:
 457              		.cfi_def_cfa_offset 8
 458              		.cfi_offset 3, -8
 459              		.cfi_offset 14, -4
 209:Core/Src/stm32f4xx_hal_msp.c ****   if(huart->Instance==USART2)
 460              		.loc 1 209 3 is_stmt 1 view .LVU116
 461              		.loc 1 209 11 is_stmt 0 view .LVU117
 462 0002 0268     		ldr	r2, [r0]
 463              		.loc 1 209 5 view .LVU118
 464 0004 064B     		ldr	r3, .L32
 465 0006 9A42     		cmp	r2, r3
 466 0008 00D0     		beq	.L31
 467              	.LVL19:
 468              	.L28:
 210:Core/Src/stm32f4xx_hal_msp.c ****   {
 211:Core/Src/stm32f4xx_hal_msp.c ****   /* USER CODE BEGIN USART2_MspDeInit 0 */
 212:Core/Src/stm32f4xx_hal_msp.c **** 
ARM GAS  C:\Users\Muntakim\AppData\Local\Temp\cceFvXUl.s 			page 14


 213:Core/Src/stm32f4xx_hal_msp.c ****   /* USER CODE END USART2_MspDeInit 0 */
 214:Core/Src/stm32f4xx_hal_msp.c ****     /* Peripheral clock disable */
 215:Core/Src/stm32f4xx_hal_msp.c ****     __HAL_RCC_USART2_CLK_DISABLE();
 216:Core/Src/stm32f4xx_hal_msp.c **** 
 217:Core/Src/stm32f4xx_hal_msp.c ****     /**USART2 GPIO Configuration
 218:Core/Src/stm32f4xx_hal_msp.c ****     PA2     ------> USART2_TX
 219:Core/Src/stm32f4xx_hal_msp.c ****     PA3     ------> USART2_RX
 220:Core/Src/stm32f4xx_hal_msp.c ****     */
 221:Core/Src/stm32f4xx_hal_msp.c ****     HAL_GPIO_DeInit(GPIOA, USART_TX_Pin|USART_RX_Pin);
 222:Core/Src/stm32f4xx_hal_msp.c **** 
 223:Core/Src/stm32f4xx_hal_msp.c ****   /* USER CODE BEGIN USART2_MspDeInit 1 */
 224:Core/Src/stm32f4xx_hal_msp.c **** 
 225:Core/Src/stm32f4xx_hal_msp.c ****   /* USER CODE END USART2_MspDeInit 1 */
 226:Core/Src/stm32f4xx_hal_msp.c ****   }
 227:Core/Src/stm32f4xx_hal_msp.c **** 
 228:Core/Src/stm32f4xx_hal_msp.c **** }
 469              		.loc 1 228 1 view .LVU119
 470 000a 08BD     		pop	{r3, pc}
 471              	.LVL20:
 472              	.L31:
 215:Core/Src/stm32f4xx_hal_msp.c **** 
 473              		.loc 1 215 5 is_stmt 1 view .LVU120
 474 000c 054A     		ldr	r2, .L32+4
 475 000e 136C     		ldr	r3, [r2, #64]
 476 0010 23F40033 		bic	r3, r3, #131072
 477 0014 1364     		str	r3, [r2, #64]
 221:Core/Src/stm32f4xx_hal_msp.c **** 
 478              		.loc 1 221 5 view .LVU121
 479 0016 0C21     		movs	r1, #12
 480 0018 0348     		ldr	r0, .L32+8
 481              	.LVL21:
 221:Core/Src/stm32f4xx_hal_msp.c **** 
 482              		.loc 1 221 5 is_stmt 0 view .LVU122
 483 001a FFF7FEFF 		bl	HAL_GPIO_DeInit
 484              	.LVL22:
 485              		.loc 1 228 1 view .LVU123
 486 001e F4E7     		b	.L28
 487              	.L33:
 488              		.align	2
 489              	.L32:
 490 0020 00440040 		.word	1073759232
 491 0024 00380240 		.word	1073887232
 492 0028 00000240 		.word	1073872896
 493              		.cfi_endproc
 494              	.LFE220:
 496              		.text
 497              	.Letext0:
 498              		.file 2 "c:\\my_files\\school\\extracurriculars\\university\\personal_projects\\embedded_systems\\
 499              		.file 3 "c:\\my_files\\school\\extracurriculars\\university\\personal_projects\\embedded_systems\\
 500              		.file 4 "Drivers/CMSIS/Device/ST/STM32F4xx/Include/stm32f401xe.h"
 501              		.file 5 "Drivers/CMSIS/Device/ST/STM32F4xx/Include/stm32f4xx.h"
 502              		.file 6 "Drivers/STM32F4xx_HAL_Driver/Inc/stm32f4xx_hal_def.h"
 503              		.file 7 "Drivers/STM32F4xx_HAL_Driver/Inc/stm32f4xx_hal_gpio.h"
 504              		.file 8 "Drivers/STM32F4xx_HAL_Driver/Inc/stm32f4xx_hal_dma.h"
 505              		.file 9 "Drivers/STM32F4xx_HAL_Driver/Inc/stm32f4xx_hal_adc.h"
 506              		.file 10 "Drivers/STM32F4xx_HAL_Driver/Inc/stm32f4xx_hal_uart.h"
 507              		.file 11 "Core/Inc/main.h"
ARM GAS  C:\Users\Muntakim\AppData\Local\Temp\cceFvXUl.s 			page 15


 508              		.file 12 "Drivers/STM32F4xx_HAL_Driver/Inc/stm32f4xx_hal_cortex.h"
ARM GAS  C:\Users\Muntakim\AppData\Local\Temp\cceFvXUl.s 			page 16


DEFINED SYMBOLS
                            *ABS*:00000000 stm32f4xx_hal_msp.c
C:\Users\Muntakim\AppData\Local\Temp\cceFvXUl.s:18     .text.HAL_MspInit:00000000 $t
C:\Users\Muntakim\AppData\Local\Temp\cceFvXUl.s:26     .text.HAL_MspInit:00000000 HAL_MspInit
C:\Users\Muntakim\AppData\Local\Temp\cceFvXUl.s:88     .text.HAL_MspInit:00000040 $d
C:\Users\Muntakim\AppData\Local\Temp\cceFvXUl.s:93     .text.HAL_ADC_MspInit:00000000 $t
C:\Users\Muntakim\AppData\Local\Temp\cceFvXUl.s:100    .text.HAL_ADC_MspInit:00000000 HAL_ADC_MspInit
C:\Users\Muntakim\AppData\Local\Temp\cceFvXUl.s:257    .text.HAL_ADC_MspInit:0000009c $d
C:\Users\Muntakim\AppData\Local\Temp\cceFvXUl.s:264    .text.HAL_ADC_MspDeInit:00000000 $t
C:\Users\Muntakim\AppData\Local\Temp\cceFvXUl.s:271    .text.HAL_ADC_MspDeInit:00000000 HAL_ADC_MspDeInit
C:\Users\Muntakim\AppData\Local\Temp\cceFvXUl.s:317    .text.HAL_ADC_MspDeInit:00000028 $d
C:\Users\Muntakim\AppData\Local\Temp\cceFvXUl.s:324    .text.HAL_UART_MspInit:00000000 $t
C:\Users\Muntakim\AppData\Local\Temp\cceFvXUl.s:331    .text.HAL_UART_MspInit:00000000 HAL_UART_MspInit
C:\Users\Muntakim\AppData\Local\Temp\cceFvXUl.s:434    .text.HAL_UART_MspInit:00000064 $d
C:\Users\Muntakim\AppData\Local\Temp\cceFvXUl.s:440    .text.HAL_UART_MspDeInit:00000000 $t
C:\Users\Muntakim\AppData\Local\Temp\cceFvXUl.s:447    .text.HAL_UART_MspDeInit:00000000 HAL_UART_MspDeInit
C:\Users\Muntakim\AppData\Local\Temp\cceFvXUl.s:490    .text.HAL_UART_MspDeInit:00000020 $d

UNDEFINED SYMBOLS
HAL_NVIC_SetPriority
HAL_GPIO_Init
HAL_DMA_Init
Error_Handler
hdma_adc1
HAL_GPIO_DeInit
HAL_DMA_DeInit
